<?xml version="1.0" encoding="UTF-8"?>
<testsuite name="ru.nsu.kgurin.StackTest" tests="1" skipped="0" failures="0" errors="0" timestamp="2022-10-03T07:08:57" hostname="DESKTOP-BO2GT1O" time="0.043">
  <properties/>
  <testcase name="reallocTest()" classname="ru.nsu.kgurin.StackTest" time="0.043"/>
  <system-out><![CDATA[]]></system-out>
  <system-err><![CDATA[]]></system-err>
</testsuite>
