<?xml version="1.0" encoding="UTF-8"?>
<testsuite name="ru.nsu.kgurin.MainTest" tests="1" skipped="0" failures="0" errors="0" timestamp="2022-12-25T08:24:44" hostname="DESKTOP-BO2GT1O" time="0.028">
  <properties/>
  <testcase name="main()" classname="ru.nsu.kgurin.MainTest" time="0.028"/>
  <system-out><![CDATA[]]></system-out>
  <system-err><![CDATA[]]></system-err>
</testsuite>
