<?xml version="1.0" encoding="UTF-8"?>
<testsuite name="ru.nsu.kgurin.CalculatorTests" tests="1" skipped="0" failures="0" errors="0" timestamp="2022-12-28T06:31:09" hostname="DESKTOP-BO2GT1O" time="0.047">
  <properties/>
  <testcase name="complexTest()" classname="ru.nsu.kgurin.CalculatorTests" time="0.047"/>
  <system-out><![CDATA[]]></system-out>
  <system-err><![CDATA[]]></system-err>
</testsuite>
