<?xml version="1.0" encoding="UTF-8"?>
<testsuite name="Tests" tests="5" skipped="0" failures="0" errors="0" timestamp="2022-09-21T15:56:03" hostname="DESKTOP-BO2GT1O" time="0.115">
  <properties/>
  <testcase name="test_1()" classname="Tests" time="0.065"/>
  <testcase name="test_2()" classname="Tests" time="0.001"/>
  <testcase name="test_3()" classname="Tests" time="0.001"/>
  <testcase name="test_4()" classname="Tests" time="0.024"/>
  <testcase name="test_5()" classname="Tests" time="0.002"/>
  <system-out><![CDATA[]]></system-out>
  <system-err><![CDATA[]]></system-err>
</testsuite>
