<?xml version="1.0" encoding="UTF-8"?>
<testsuite name="ru.nsu.kgurin.TreeTests" tests="11" skipped="0" failures="0" errors="0" timestamp="2022-11-01T05:45:41" hostname="DESKTOP-BO2GT1O" time="0.085">
  <properties/>
  <testcase name="addTest()" classname="ru.nsu.kgurin.TreeTests" time="0.052"/>
  <testcase name="getValueTest()" classname="ru.nsu.kgurin.TreeTests" time="0.002"/>
  <testcase name="typeOfNodeTest()" classname="ru.nsu.kgurin.TreeTests" time="0.001"/>
  <testcase name="structureTest()" classname="ru.nsu.kgurin.TreeTests" time="0.001"/>
  <testcase name="iteratorTest()" classname="ru.nsu.kgurin.TreeTests" time="0.005"/>
  <testcase name="removeTest()" classname="ru.nsu.kgurin.TreeTests" time="0.001"/>
  <testcase name="hashCodeTest()" classname="ru.nsu.kgurin.TreeTests" time="0.004"/>
  <testcase name="rootNodeTest()" classname="ru.nsu.kgurin.TreeTests" time="0.001"/>
  <testcase name="getModCountTest()" classname="ru.nsu.kgurin.TreeTests" time="0.001"/>
  <testcase name="getChildrenTest()" classname="ru.nsu.kgurin.TreeTests" time="0.001"/>
  <testcase name="getRootTest()" classname="ru.nsu.kgurin.TreeTests" time="0.002"/>
  <system-out><![CDATA[]]></system-out>
  <system-err><![CDATA[]]></system-err>
</testsuite>
