<?xml version="1.0" encoding="UTF-8"?>
<testsuite name="ru.nsu.kgurin.TimeComplexityTests" tests="9" skipped="0" failures="0" errors="0" timestamp="2023-03-07T09:05:36" hostname="DESKTOP-BO2GT1O" time="3.699">
  <properties/>
  <testcase name="parallelStreamPrimeTest()" classname="ru.nsu.kgurin.TimeComplexityTests" time="0.409"/>
  <testcase name="threadsPrimeTest32()" classname="ru.nsu.kgurin.TimeComplexityTests" time="0.271"/>
  <testcase name="threadsPrimeTest64()" classname="ru.nsu.kgurin.TimeComplexityTests" time="0.206"/>
  <testcase name="threadsPrimeTest1()" classname="ru.nsu.kgurin.TimeComplexityTests" time="0.72"/>
  <testcase name="threadsPrimeTest2()" classname="ru.nsu.kgurin.TimeComplexityTests" time="0.371"/>
  <testcase name="threadsPrimeTest4()" classname="ru.nsu.kgurin.TimeComplexityTests" time="0.245"/>
  <testcase name="threadsPrimeTest8()" classname="ru.nsu.kgurin.TimeComplexityTests" time="0.153"/>
  <testcase name="sequentialPrimeTest()" classname="ru.nsu.kgurin.TimeComplexityTests" time="0.751"/>
  <testcase name="threadsPrimeTest128()" classname="ru.nsu.kgurin.TimeComplexityTests" time="0.223"/>
  <system-out><![CDATA[ParallelStream test with prime numbers: 337
32 thread test with prime numbers: 269
64 thread test with prime numbers: 205
1 thread test with prime numbers: 718
2 thread test with prime numbers: 369
4 thread test with prime numbers: 243
8 thread test with prime numbers: 152
Sequential test with prime numbers: 750
128 thread test with prime numbers: 221
]]></system-out>
  <system-err><![CDATA[]]></system-err>
</testsuite>
