<?xml version="1.0" encoding="UTF-8"?>
<testsuite name="ru.nsu.kgurin.SolveTests" tests="1" skipped="0" failures="0" errors="0" timestamp="2023-02-14T07:02:02" hostname="DESKTOP-BO2GT1O" time="0.076">
  <properties/>
  <testcase name="simple()" classname="ru.nsu.kgurin.SolveTests" time="0.076"/>
  <system-out><![CDATA[]]></system-out>
  <system-err><![CDATA[]]></system-err>
</testsuite>
